Build started 9/30/2015 7:15:17 PM.
     1>Project "C:\Users\Sean\Documents\Visual Studio 2015\Projects\TheOverseer\TheOverseer\TheOverseer.vcxproj" on node 2 (Build target(s)).
     1>ClCompile:
         C:\Program Files\Microsoft Visual Studio 14.0\VC\bin\CL.exe /c /IC:\Users\Sean\Downloads\opencv\build\include\ /ZI /nologo /W3 /WX- /sdl /Od /Oy- /D WIN32 /D _DEBUG /D _CONSOLE /D _UNICODE /D UNICODE /Gm /EHsc /RTC1 /MDd /GS /fp:precise /Zc:wchar_t /Zc:forScope /Zc:inline /Yu"stdafx.h" /Fp"Debug\TheOverseer.pch" /Fo"Debug\\" /Fd"Debug\vc140.pdb" /Gd /TP /analyze- /errorReport:prompt TheOverseer.cpp
         TheOverseer.cpp
     1>c:\users\sean\documents\visual studio 2015\projects\theoverseer\theoverseer\theoverseer.cpp(33): error C2679: binary '=': no operator found which takes a right-hand operand of type 'IplImage *' (or there is no acceptable conversion)
         c:\users\sean\downloads\opencv\build\include\opencv2\core\mat.hpp(1102): note: could be 'cv::Mat &cv::Mat::operator =(const cv::Scalar &)'
         c:\users\sean\downloads\opencv\build\include\opencv2\core\mat.inl.hpp(2878): note: or       'cv::Mat &cv::Mat::operator =(const cv::MatExpr &)'
         c:\users\sean\downloads\opencv\build\include\opencv2\core\mat.inl.hpp(560): note: or       'cv::Mat &cv::Mat::operator =(const cv::Mat &)'
         c:\users\sean\documents\visual studio 2015\projects\theoverseer\theoverseer\theoverseer.cpp(33): note: while trying to match the argument list '(cv::Mat, IplImage *)'
     1>c:\users\sean\documents\visual studio 2015\projects\theoverseer\theoverseer\theoverseer.cpp(66): warning C4244: 'argument': conversion from 'double' to 'int', possible loss of data
     1>c:\users\sean\documents\visual studio 2015\projects\theoverseer\theoverseer\theoverseer.cpp(67): warning C4244: 'argument': conversion from 'double' to 'int', possible loss of data
     1>c:\users\sean\documents\visual studio 2015\projects\theoverseer\theoverseer\theoverseer.cpp(77): warning C4244: 'argument': conversion from 'double' to 'int', possible loss of data
     1>Done Building Project "C:\Users\Sean\Documents\Visual Studio 2015\Projects\TheOverseer\TheOverseer\TheOverseer.vcxproj" (Build target(s)) -- FAILED.

Build FAILED.

Time Elapsed 00:00:01.98
